This file contains any messages produced by compilers while
running configure, to aid debugging if configure makes a mistake.

It was created by configure, which was
generated by GNU Autoconf 2.61.  Invocation command line was

  $ ./configure --enable-maintainer-mode --enable-debug --no-create --no-recursion

## --------- ##
## Platform. ##
## --------- ##

hostname = korenwolf
uname -m = i686
uname -r = 2.6.27-7-generic
uname -s = Linux
uname -v = #1 SMP Tue Nov 4 19:33:20 UTC 2008

/usr/bin/uname -p = unknown
/bin/uname -X     = unknown

/bin/arch              = unknown
/usr/bin/arch -k       = unknown
/usr/convex/getsysinfo = unknown
/usr/bin/hostinfo      = unknown
/bin/machine           = unknown
/usr/bin/oslevel       = unknown
/bin/universe          = unknown

PATH: /home/mike/bin
PATH: /usr/local/sbin
PATH: /usr/local/bin
PATH: /usr/sbin
PATH: /usr/bin
PATH: /sbin
PATH: /bin
PATH: /usr/games
PATH: /opt/e17/bin


## ----------- ##
## Core tests. ##
## ----------- ##

configure:1979: configuring gst-edgedetect for development with nano 1
configure:2018: checking whether to enable maintainer-specific portions of Makefiles
configure:2027: result: yes
configure:2087: checking for a BSD-compatible install
configure:2143: result: /usr/bin/install -c
configure:2154: checking whether build environment is sane
configure:2197: result: yes
configure:2225: checking for a thread-safe mkdir -p
configure:2264: result: /bin/mkdir -p
configure:2277: checking for gawk
configure:2293: found /usr/bin/gawk
configure:2304: result: gawk
configure:2315: checking whether make sets $(MAKE)
configure:2336: result: yes
configure:2579: checking for gcc
configure:2595: found /usr/bin/gcc
configure:2606: result: gcc
configure:2844: checking for C compiler version
configure:2851: gcc --version >&5
gcc (Ubuntu 4.3.2-1ubuntu11) 4.3.2
Copyright (C) 2008 Free Software Foundation, Inc.
This is free software; see the source for copying conditions.  There is NO
warranty; not even for MERCHANTABILITY or FITNESS FOR A PARTICULAR PURPOSE.

configure:2854: $? = 0
configure:2861: gcc -v >&5
Using built-in specs.
Target: i486-linux-gnu
Configured with: ../src/configure -v --with-pkgversion='Ubuntu 4.3.2-1ubuntu11' --with-bugurl=file:///usr/share/doc/gcc-4.3/README.Bugs --enable-languages=c,c++,fortran,objc,obj-c++ --prefix=/usr --enable-shared --with-system-zlib --libexecdir=/usr/lib --without-included-gettext --enable-threads=posix --enable-nls --with-gxx-include-dir=/usr/include/c++/4.3 --program-suffix=-4.3 --enable-clocale=gnu --enable-libstdcxx-debug --enable-objc-gc --enable-mpfr --enable-targets=all --enable-checking=release --build=i486-linux-gnu --host=i486-linux-gnu --target=i486-linux-gnu
Thread model: posix
gcc version 4.3.2 (Ubuntu 4.3.2-1ubuntu11) 
configure:2864: $? = 0
configure:2871: gcc -V >&5
gcc: '-V' option must have argument
configure:2874: $? = 1
configure:2897: checking for C compiler default output file name
configure:2924: gcc    conftest.c  >&5
configure:2927: $? = 0
configure:2965: result: a.out
configure:2982: checking whether the C compiler works
configure:2992: ./a.out
configure:2995: $? = 0
configure:3012: result: yes
configure:3019: checking whether we are cross compiling
configure:3021: result: no
configure:3024: checking for suffix of executables
configure:3031: gcc -o conftest    conftest.c  >&5
configure:3034: $? = 0
configure:3058: result: 
configure:3064: checking for suffix of object files
configure:3090: gcc -c   conftest.c >&5
configure:3093: $? = 0
configure:3116: result: o
configure:3120: checking whether we are using the GNU C compiler
configure:3149: gcc -c   conftest.c >&5
configure:3155: $? = 0
configure:3172: result: yes
configure:3177: checking whether gcc accepts -g
configure:3207: gcc -c -g  conftest.c >&5
configure:3213: $? = 0
configure:3312: result: yes
configure:3329: checking for gcc option to accept ISO C89
configure:3403: gcc  -c -g -O2  conftest.c >&5
configure:3409: $? = 0
configure:3432: result: none needed
configure:3461: checking for style of include used by make
configure:3489: result: GNU
configure:3514: checking dependency style of gcc
configure:3605: result: gcc3
configure:3651: checking build system type
configure:3669: result: i686-pc-linux-gnu
configure:3691: checking host system type
configure:3706: result: i686-pc-linux-gnu
configure:3728: checking for a sed that does not truncate output
configure:3807: result: /bin/sed
configure:3825: checking for grep that handles long lines and -e
configure:3899: result: /bin/grep
configure:3904: checking for egrep
configure:3982: result: /bin/grep -E
configure:3987: checking for fgrep
configure:4065: result: /bin/grep -F
configure:4100: checking for ld used by gcc
configure:4167: result: /usr/bin/ld
configure:4176: checking if the linker (/usr/bin/ld) is GNU ld
configure:4191: result: yes
configure:4203: checking for BSD- or MS-compatible name lister (nm)
configure:4252: result: /usr/bin/nm -B
configure:4374: checking the name lister (/usr/bin/nm -B) interface
configure:4381: gcc -c -g -O2  conftest.c >&5
configure:4384: /usr/bin/nm -B "conftest.o"
configure:4387: output
00000000 B some_variable
configure:4394: result: BSD nm
configure:4397: checking whether ln -s works
configure:4401: result: yes
configure:4409: checking the maximum length of command line arguments
configure:4529: result: 805306365
configure:4546: checking whether the shell understands some XSI constructs
configure:4556: result: yes
configure:4560: checking whether the shell understands "+="
configure:4566: result: yes
configure:4601: checking for /usr/bin/ld option to reload object files
configure:4608: result: -r
configure:4635: checking how to recognize dependent libraries
configure:4825: result: pass_all
configure:4885: checking for ar
configure:4901: found /usr/bin/ar
configure:4912: result: ar
configure:4994: checking for strip
configure:5010: found /usr/bin/strip
configure:5021: result: strip
configure:5097: checking for ranlib
configure:5113: found /usr/bin/ranlib
configure:5124: result: ranlib
configure:5218: checking command to parse /usr/bin/nm -B output from gcc object
configure:5336: gcc -c -g -O2  conftest.c >&5
configure:5339: $? = 0
configure:5343: /usr/bin/nm -B conftest.o \| sed -n -e 's/^.*[	 ]\([ABCDGIRSTW][ABCDGIRSTW]*\)[	 ][	 ]*\([_A-Za-z][_A-Za-z0-9]*\)$/\1 \2 \2/p' \> conftest.nm
configure:5346: $? = 0
configure:5400: gcc -o conftest -g -O2   conftest.c conftstm.o >&5
configure:5403: $? = 0
configure:5441: result: ok
configure:6320: checking how to run the C preprocessor
configure:6360: gcc -E  conftest.c
configure:6366: $? = 0
configure:6397: gcc -E  conftest.c
conftest.c:14:28: error: ac_nonexistent.h: No such file or directory
configure:6403: $? = 1
configure: failed program was:
| /* confdefs.h.  */
| #define PACKAGE_NAME ""
| #define PACKAGE_TARNAME ""
| #define PACKAGE_VERSION ""
| #define PACKAGE_STRING ""
| #define PACKAGE_BUGREPORT ""
| #define GST_PLUGIN_VERSION "0.10.0.1"
| #define GST_PLUGIN_VERSION_RELEASE "0.20081218.234025"
| #define PACKAGE "gst-edgedetect"
| #define VERSION "0.10.0.1"
| #define PACKAGE "gst-edgedetect"
| #define VERSION "0.10.0.1"
| /* end confdefs.h.  */
| #include <ac_nonexistent.h>
configure:6436: result: gcc -E
configure:6465: gcc -E  conftest.c
configure:6471: $? = 0
configure:6502: gcc -E  conftest.c
conftest.c:14:28: error: ac_nonexistent.h: No such file or directory
configure:6508: $? = 1
configure: failed program was:
| /* confdefs.h.  */
| #define PACKAGE_NAME ""
| #define PACKAGE_TARNAME ""
| #define PACKAGE_VERSION ""
| #define PACKAGE_STRING ""
| #define PACKAGE_BUGREPORT ""
| #define GST_PLUGIN_VERSION "0.10.0.1"
| #define GST_PLUGIN_VERSION_RELEASE "0.20081218.234025"
| #define PACKAGE "gst-edgedetect"
| #define VERSION "0.10.0.1"
| #define PACKAGE "gst-edgedetect"
| #define VERSION "0.10.0.1"
| /* end confdefs.h.  */
| #include <ac_nonexistent.h>
configure:6546: checking for ANSI C header files
configure:6576: gcc -c -g -O2  conftest.c >&5
configure:6582: $? = 0
configure:6681: gcc -o conftest -g -O2   conftest.c  >&5
configure:6684: $? = 0
configure:6690: ./conftest
configure:6693: $? = 0
configure:6710: result: yes
configure:6734: checking for sys/types.h
configure:6755: gcc -c -g -O2  conftest.c >&5
configure:6761: $? = 0
configure:6777: result: yes
configure:6734: checking for sys/stat.h
configure:6755: gcc -c -g -O2  conftest.c >&5
configure:6761: $? = 0
configure:6777: result: yes
configure:6734: checking for stdlib.h
configure:6755: gcc -c -g -O2  conftest.c >&5
configure:6761: $? = 0
configure:6777: result: yes
configure:6734: checking for string.h
configure:6755: gcc -c -g -O2  conftest.c >&5
configure:6761: $? = 0
configure:6777: result: yes
configure:6734: checking for memory.h
configure:6755: gcc -c -g -O2  conftest.c >&5
configure:6761: $? = 0
configure:6777: result: yes
configure:6734: checking for strings.h
configure:6755: gcc -c -g -O2  conftest.c >&5
configure:6761: $? = 0
configure:6777: result: yes
configure:6734: checking for inttypes.h
configure:6755: gcc -c -g -O2  conftest.c >&5
configure:6761: $? = 0
configure:6777: result: yes
configure:6734: checking for stdint.h
configure:6755: gcc -c -g -O2  conftest.c >&5
configure:6761: $? = 0
configure:6777: result: yes
configure:6734: checking for unistd.h
configure:6755: gcc -c -g -O2  conftest.c >&5
configure:6761: $? = 0
configure:6777: result: yes
configure:6793: checking for dlfcn.h
configure:6814: gcc -c -g -O2  conftest.c >&5
configure:6820: $? = 0
configure:6836: result: yes
configure:7020: checking for objdir
configure:7035: result: .libs
configure:7327: checking if gcc supports -fno-rtti -fno-exceptions
configure:7345: gcc -c -g -O2  -fno-rtti -fno-exceptions conftest.c >&5
cc1: warning: command line option "-fno-rtti" is valid for C++/ObjC++ but not for C
configure:7349: $? = 0
configure:7362: result: no
configure:7382: checking for gcc option to produce PIC
configure:7639: result: -fPIC -DPIC
configure:7651: checking if gcc PIC flag -fPIC -DPIC works
configure:7669: gcc -c -g -O2  -fPIC -DPIC -DPIC conftest.c >&5
configure:7673: $? = 0
configure:7686: result: yes
configure:7710: checking if gcc static flag -static works
configure:7738: result: yes
configure:7753: checking if gcc supports -c -o file.o
configure:7774: gcc -c -g -O2  -o out/conftest2.o conftest.c >&5
configure:7778: $? = 0
configure:7800: result: yes
configure:7808: checking if gcc supports -c -o file.o
configure:7855: result: yes
configure:7888: checking whether the gcc linker (/usr/bin/ld) supports shared libraries
configure:8943: result: yes
configure:8980: checking whether -lc should be explicitly linked in
configure:8985: gcc -c -g -O2  conftest.c >&5
configure:8988: $? = 0
configure:9003: gcc -shared conftest.o  -v -Wl,-soname -Wl,conftest -o conftest 2\>\&1 \| /bin/grep  -lc  \>/dev/null 2\>\&1
configure:9006: $? = 0
configure:9018: result: no
configure:9182: checking dynamic linker characteristics
configure:9625: gcc -o conftest -g -O2   -Wl,-rpath -Wl,/foo conftest.c  >&5
configure:9631: $? = 0
configure:9873: result: GNU/Linux ld.so
configure:9975: checking how to hardcode library paths into programs
configure:10000: result: immediate
configure:10813: checking whether stripping libraries is possible
configure:10818: result: yes
configure:10853: checking if libtool supports shared libraries
configure:10855: result: yes
configure:10858: checking whether to build shared libraries
configure:10879: result: yes
configure:10882: checking whether to build static libraries
configure:10886: result: yes
configure:10924: checking to see if compiler understands -Wall
configure:10951: gcc -c -g -O2 -Wall  conftest.c >&5
configure:10957: $? = 0
configure:10980: result: yes
configure:10994: checking for pkg-config
configure:11010: found /usr/bin/pkg-config
configure:11022: result: yes
configure:11088: checking for pkg-config
configure:11106: found /usr/bin/pkg-config
configure:11118: result: /usr/bin/pkg-config
configure:11147: checking pkg-config is at least version 0.9.0
configure:11150: result: yes
configure:11161: checking for GST
configure:11170: $PKG_CONFIG --exists --print-errors "\
  gstreamer-$GST_MAJORMINOR >= $GST_REQUIRED"
configure:11174: $? = 0
configure:11191: $PKG_CONFIG --exists --print-errors "\
  gstreamer-$GST_MAJORMINOR >= $GST_REQUIRED"
configure:11195: $? = 0
configure:11234: result: yes
configure:11254: checking for GST_BASE
configure:11262: $PKG_CONFIG --exists --print-errors "gstreamer-base-$GST_MAJORMINOR >= $GST_REQUIRED"
configure:11265: $? = 0
configure:11280: $PKG_CONFIG --exists --print-errors "gstreamer-base-$GST_MAJORMINOR >= $GST_REQUIRED"
configure:11283: $? = 0
configure:11319: result: yes
configure:11334: checking for OPENCV
configure:11342: $PKG_CONFIG --exists --print-errors "opencv"
configure:11345: $? = 0
configure:11360: $PKG_CONFIG --exists --print-errors "opencv"
configure:11363: $? = 0
configure:11399: result: yes
configure:11414: checking for GSTPB_BASE
configure:11422: $PKG_CONFIG --exists --print-errors "gstreamer-plugins-base-$GST_MAJORMINOR >= $GSTPB_REQUIRED"
configure:11425: $? = 0
configure:11440: $PKG_CONFIG --exists --print-errors "gstreamer-plugins-base-$GST_MAJORMINOR >= $GSTPB_REQUIRED"
configure:11443: $? = 0
configure:11479: result: yes
configure:11494: checking for GSTCTRL
configure:11502: $PKG_CONFIG --exists --print-errors "gstreamer-controller-$GST_MAJORMINOR >= $GSTPB_REQUIRED"
configure:11505: $? = 0
configure:11520: $PKG_CONFIG --exists --print-errors "gstreamer-controller-$GST_MAJORMINOR >= $GSTPB_REQUIRED"
configure:11523: $? = 0
configure:11559: result: yes
configure:11705: creating ./config.status

## ---------------- ##
## Cache variables. ##
## ---------------- ##

ac_cv_build=i686-pc-linux-gnu
ac_cv_c_compiler_gnu=yes
ac_cv_env_CC_set=
ac_cv_env_CC_value=
ac_cv_env_CFLAGS_set=
ac_cv_env_CFLAGS_value=
ac_cv_env_CPPFLAGS_set=
ac_cv_env_CPPFLAGS_value=
ac_cv_env_CPP_set=
ac_cv_env_CPP_value=
ac_cv_env_GSTCTRL_CFLAGS_set=
ac_cv_env_GSTCTRL_CFLAGS_value=
ac_cv_env_GSTCTRL_LIBS_set=
ac_cv_env_GSTCTRL_LIBS_value=
ac_cv_env_GSTPB_BASE_CFLAGS_set=
ac_cv_env_GSTPB_BASE_CFLAGS_value=
ac_cv_env_GSTPB_BASE_LIBS_set=
ac_cv_env_GSTPB_BASE_LIBS_value=
ac_cv_env_GST_BASE_CFLAGS_set=
ac_cv_env_GST_BASE_CFLAGS_value=
ac_cv_env_GST_BASE_LIBS_set=
ac_cv_env_GST_BASE_LIBS_value=
ac_cv_env_GST_CFLAGS_set=
ac_cv_env_GST_CFLAGS_value=
ac_cv_env_GST_LIBS_set=
ac_cv_env_GST_LIBS_value=
ac_cv_env_LDFLAGS_set=
ac_cv_env_LDFLAGS_value=
ac_cv_env_LIBS_set=
ac_cv_env_LIBS_value=
ac_cv_env_OPENCV_CFLAGS_set=
ac_cv_env_OPENCV_CFLAGS_value=
ac_cv_env_OPENCV_LIBS_set=
ac_cv_env_OPENCV_LIBS_value=
ac_cv_env_PKG_CONFIG_set=
ac_cv_env_PKG_CONFIG_value=
ac_cv_env_build_alias_set=
ac_cv_env_build_alias_value=
ac_cv_env_host_alias_set=
ac_cv_env_host_alias_value=
ac_cv_env_target_alias_set=
ac_cv_env_target_alias_value=
ac_cv_header_dlfcn_h=yes
ac_cv_header_inttypes_h=yes
ac_cv_header_memory_h=yes
ac_cv_header_stdc=yes
ac_cv_header_stdint_h=yes
ac_cv_header_stdlib_h=yes
ac_cv_header_string_h=yes
ac_cv_header_strings_h=yes
ac_cv_header_sys_stat_h=yes
ac_cv_header_sys_types_h=yes
ac_cv_header_unistd_h=yes
ac_cv_host=i686-pc-linux-gnu
ac_cv_objext=o
ac_cv_path_EGREP='/bin/grep -E'
ac_cv_path_FGREP='/bin/grep -F'
ac_cv_path_GREP=/bin/grep
ac_cv_path_SED=/bin/sed
ac_cv_path_ac_pt_PKG_CONFIG=/usr/bin/pkg-config
ac_cv_path_install='/usr/bin/install -c'
ac_cv_path_mkdir=/bin/mkdir
ac_cv_prog_AWK=gawk
ac_cv_prog_CPP='gcc -E'
ac_cv_prog_HAVE_PKGCONFIG=yes
ac_cv_prog_ac_ct_AR=ar
ac_cv_prog_ac_ct_CC=gcc
ac_cv_prog_ac_ct_RANLIB=ranlib
ac_cv_prog_ac_ct_STRIP=strip
ac_cv_prog_cc_c89=
ac_cv_prog_cc_g=yes
ac_cv_prog_make_make_set=yes
am_cv_CC_dependencies_compiler_type=gcc3
lt_cv_deplibs_check_method=pass_all
lt_cv_file_magic_cmd='$MAGIC_CMD'
lt_cv_file_magic_test_file=
lt_cv_ld_reload_flag=-r
lt_cv_nm_interface='BSD nm'
lt_cv_objdir=.libs
lt_cv_path_LD=/usr/bin/ld
lt_cv_path_NM='/usr/bin/nm -B'
lt_cv_prog_compiler_c_o=yes
lt_cv_prog_compiler_pic_works=yes
lt_cv_prog_compiler_rtti_exceptions=no
lt_cv_prog_compiler_static_works=yes
lt_cv_prog_gnu_ld=yes
lt_cv_sys_global_symbol_pipe='sed -n -e '\''s/^.*[	 ]\([ABCDGIRSTW][ABCDGIRSTW]*\)[	 ][	 ]*\([_A-Za-z][_A-Za-z0-9]*\)$/\1 \2 \2/p'\'''
lt_cv_sys_global_symbol_to_c_name_address='sed -n -e '\''s/^: \([^ ]*\) $/  {\"\1\", (void *) 0},/p'\'' -e '\''s/^[ABCDGIRSTW]* \([^ ]*\) \([^ ]*\)$/  {"\2", (void *) \&\2},/p'\'''
lt_cv_sys_global_symbol_to_c_name_address_lib_prefix='sed -n -e '\''s/^: \([^ ]*\) $/  {\"\1\", (void *) 0},/p'\'' -e '\''s/^[ABCDGIRSTW]* \([^ ]*\) \(lib[^ ]*\)$/  {"\2", (void *) \&\2},/p'\'' -e '\''s/^[ABCDGIRSTW]* \([^ ]*\) \([^ ]*\)$/  {"lib\2", (void *) \&\2},/p'\'''
lt_cv_sys_global_symbol_to_cdecl='sed -n -e '\''s/^T .* \(.*\)$/extern int \1();/p'\'' -e '\''s/^[ABCDGIRSTW]* .* \(.*\)$/extern char \1;/p'\'''
lt_cv_sys_max_cmd_len=805306365
pkg_cv_GSTCTRL_CFLAGS='-pthread -I/usr/include/gstreamer-0.10 -I/usr/include/glib-2.0 -I/usr/lib/glib-2.0/include -I/usr/include/libxml2  '
pkg_cv_GSTCTRL_LIBS='-pthread -lgstcontroller-0.10 -lgstreamer-0.10 -lgobject-2.0 -lgmodule-2.0 -lgthread-2.0 -lrt -lxml2 -lglib-2.0  '
pkg_cv_GSTPB_BASE_CFLAGS='-pthread -I/usr/include/gstreamer-0.10 -I/usr/include/glib-2.0 -I/usr/lib/glib-2.0/include -I/usr/include/libxml2  '
pkg_cv_GSTPB_BASE_LIBS='-pthread -lgstreamer-0.10 -lgobject-2.0 -lgmodule-2.0 -lgthread-2.0 -lrt -lxml2 -lglib-2.0  '
pkg_cv_GST_BASE_CFLAGS='-pthread -I/usr/include/gstreamer-0.10 -I/usr/include/glib-2.0 -I/usr/lib/glib-2.0/include -I/usr/include/libxml2  '
pkg_cv_GST_BASE_LIBS='-pthread -lgstbase-0.10 -lgstreamer-0.10 -lgobject-2.0 -lgmodule-2.0 -lgthread-2.0 -lrt -lxml2 -lglib-2.0  '
pkg_cv_GST_CFLAGS='-pthread -I/usr/include/gstreamer-0.10 -I/usr/include/glib-2.0 -I/usr/lib/glib-2.0/include -I/usr/include/libxml2  '
pkg_cv_GST_LIBS='-pthread -lgstreamer-0.10 -lgobject-2.0 -lgmodule-2.0 -lgthread-2.0 -lrt -lxml2 -lglib-2.0  '
pkg_cv_OPENCV_CFLAGS='-I/usr/include/opencv  '
pkg_cv_OPENCV_LIBS='-lcxcore -lcv -lhighgui -lcvaux -lml  '

## ----------------- ##
## Output variables. ##
## ----------------- ##

ACLOCAL='${SHELL} /home/mike/src/gst-opencv/missing --run aclocal-1.10'
ACLOCAL_AMFLAGS='-I m4'
AMDEPBACKSLASH='\'
AMDEP_FALSE='#'
AMDEP_TRUE=''
AMTAR='${SHELL} /home/mike/src/gst-opencv/missing --run tar'
AR='ar'
AUTOCONF='${SHELL} /home/mike/src/gst-opencv/missing --run autoconf'
AUTOHEADER='${SHELL} /home/mike/src/gst-opencv/missing --run autoheader'
AUTOMAKE='${SHELL} /home/mike/src/gst-opencv/missing --run automake-1.10'
AWK='gawk'
CC='gcc'
CCDEPMODE='depmode=gcc3'
CFLAGS='-g -O2'
CPP='gcc -E'
CPPFLAGS=''
CYGPATH_W='echo'
DEFS='-DHAVE_CONFIG_H'
DEPDIR='.deps'
DSYMUTIL=''
DUMPBIN=''
ECHO_C=''
ECHO_N='-n'
ECHO_T=''
EGREP='/bin/grep -E'
EXEEXT=''
FGREP='/bin/grep -F'
GREP='/bin/grep'
GSTCTRL_CFLAGS='-pthread -I/usr/include/gstreamer-0.10 -I/usr/include/glib-2.0 -I/usr/lib/glib-2.0/include -I/usr/include/libxml2  '
GSTCTRL_LIBS='-pthread -lgstcontroller-0.10 -lgstreamer-0.10 -lgobject-2.0 -lgmodule-2.0 -lgthread-2.0 -lrt -lxml2 -lglib-2.0  '
GSTPB_BASE_CFLAGS='-pthread -I/usr/include/gstreamer-0.10 -I/usr/include/glib-2.0 -I/usr/lib/glib-2.0/include -I/usr/include/libxml2  '
GSTPB_BASE_LIBS='-pthread -lgstreamer-0.10 -lgobject-2.0 -lgmodule-2.0 -lgthread-2.0 -lrt -lxml2 -lglib-2.0  '
GST_BASE_CFLAGS='-pthread -I/usr/include/gstreamer-0.10 -I/usr/include/glib-2.0 -I/usr/lib/glib-2.0/include -I/usr/include/libxml2  '
GST_BASE_LIBS='-pthread -lgstbase-0.10 -lgstreamer-0.10 -lgobject-2.0 -lgmodule-2.0 -lgthread-2.0 -lrt -lxml2 -lglib-2.0  '
GST_CFLAGS='-pthread -I/usr/include/gstreamer-0.10 -I/usr/include/glib-2.0 -I/usr/lib/glib-2.0/include -I/usr/include/libxml2    -Wall'
GST_LIBS='-pthread -lgstreamer-0.10 -lgobject-2.0 -lgmodule-2.0 -lgthread-2.0 -lrt -lxml2 -lglib-2.0  '
GST_MAJORMINOR='0.10'
GST_PLUGIN_LDFLAGS='-module -avoid-version -export-symbols-regex _*\(gst_\|Gst\|GST_\).*'
GST_PLUGIN_VERSION='0.10.0.1'
GST_PLUGIN_VERSION_MAJOR='0'
GST_PLUGIN_VERSION_MICRO='0'
GST_PLUGIN_VERSION_MINOR='10'
GST_PLUGIN_VERSION_NANO='1'
GST_PLUGIN_VERSION_RELEASE='0.20081218.234025'
HAVE_PKGCONFIG='yes'
INSTALL_DATA='${INSTALL} -m 644'
INSTALL_PROGRAM='${INSTALL}'
INSTALL_SCRIPT='${INSTALL}'
INSTALL_STRIP_PROGRAM='$(install_sh) -c -s'
LD='/usr/bin/ld'
LDFLAGS=''
LIBOBJS=''
LIBS=''
LIBTOOL='$(SHELL) $(top_builddir)/libtool'
LIPO=''
LN_S='ln -s'
LTLIBOBJS=''
MAINT=''
MAINTAINER_MODE_FALSE='#'
MAINTAINER_MODE_TRUE=''
MAKEINFO='${SHELL} /home/mike/src/gst-opencv/missing --run makeinfo'
NM='/usr/bin/nm -B'
NMEDIT=''
OBJEXT='o'
OPENCV_CFLAGS='-I/usr/include/opencv  '
OPENCV_LIBS='-lcxcore -lcv -lhighgui -lcvaux -lml  '
OTOOL64=''
OTOOL=''
PACKAGE='gst-edgedetect'
PACKAGE_BUGREPORT=''
PACKAGE_NAME=''
PACKAGE_STRING=''
PACKAGE_TARNAME=''
PACKAGE_VERSION=''
PATH_SEPARATOR=':'
PKG_CONFIG='/usr/bin/pkg-config'
RANLIB='ranlib'
SED='/bin/sed'
SET_MAKE=''
SHELL='/bin/bash'
STRIP='strip'
VERSION='0.10.0.1'
ac_ct_CC='gcc'
ac_ct_DUMPBIN=''
am__fastdepCC_FALSE='#'
am__fastdepCC_TRUE=''
am__include='include'
am__isrc=''
am__leading_dot='.'
am__quote=''
am__tar='${AMTAR} chof - "$$tardir"'
am__untar='${AMTAR} xf -'
bindir='${exec_prefix}/bin'
build='i686-pc-linux-gnu'
build_alias=''
build_cpu='i686'
build_os='linux-gnu'
build_vendor='pc'
datadir='${datarootdir}'
datarootdir='${prefix}/share'
docdir='${datarootdir}/doc/${PACKAGE}'
dvidir='${docdir}'
exec_prefix='${prefix}'
host='i686-pc-linux-gnu'
host_alias=''
host_cpu='i686'
host_os='linux-gnu'
host_vendor='pc'
htmldir='${docdir}'
includedir='${prefix}/include'
infodir='${datarootdir}/info'
install_sh='$(SHELL) /home/mike/src/gst-opencv/install-sh'
libdir='${exec_prefix}/lib'
libexecdir='${exec_prefix}/libexec'
localedir='${datarootdir}/locale'
localstatedir='${prefix}/var'
lt_ECHO='echo'
mandir='${datarootdir}/man'
mkdir_p='/bin/mkdir -p'
oldincludedir='/usr/include'
pdfdir='${docdir}'
plugindir='$(libdir)/gstreamer-0.10'
prefix='/usr/local'
program_transform_name='s,x,x,'
psdir='${docdir}'
sbindir='${exec_prefix}/sbin'
sharedstatedir='${prefix}/com'
sysconfdir='${prefix}/etc'
target_alias=''

## ----------- ##
## confdefs.h. ##
## ----------- ##

#define PACKAGE_NAME ""
#define PACKAGE_TARNAME ""
#define PACKAGE_VERSION ""
#define PACKAGE_STRING ""
#define PACKAGE_BUGREPORT ""
#define GST_PLUGIN_VERSION "0.10.0.1"
#define GST_PLUGIN_VERSION_RELEASE "0.20081218.234025"
#define PACKAGE "gst-edgedetect"
#define VERSION "0.10.0.1"
#define PACKAGE "gst-edgedetect"
#define VERSION "0.10.0.1"
#define STDC_HEADERS 1
#define HAVE_SYS_TYPES_H 1
#define HAVE_SYS_STAT_H 1
#define HAVE_STDLIB_H 1
#define HAVE_STRING_H 1
#define HAVE_MEMORY_H 1
#define HAVE_STRINGS_H 1
#define HAVE_INTTYPES_H 1
#define HAVE_STDINT_H 1
#define HAVE_UNISTD_H 1
#define HAVE_DLFCN_H 1
#define LT_OBJDIR ".libs/"

configure: exit 0

## ---------------------- ##
## Running config.status. ##
## ---------------------- ##

This file was extended by config.status, which was
generated by GNU Autoconf 2.61.  Invocation command line was

  CONFIG_FILES    = 
  CONFIG_HEADERS  = 
  CONFIG_LINKS    = 
  CONFIG_COMMANDS = 
  $ ./config.status 

on korenwolf

config.status:875: creating Makefile
config.status:875: creating m4/Makefile
config.status:875: creating src/Makefile
config.status:875: creating src/edgedetect/Makefile
config.status:875: creating src/pyramidsegment/Makefile
config.status:875: creating config.h
config.status:1154: executing depfiles commands
config.status:1154: executing libtool commands
